<?xml version="1.0" encoding="UTF-8"?>
<!-- Generated by org.testng.reporters.JUnitXMLReporter -->
<testsuite hostname="DST47190" name="Test" tests="1" failures="1" timestamp="4 Apr 2014 09:49:11 GMT" time="92.606" errors="0">
  <testcase name="f" time="31.613" classname="com.mobile.test.APPTests">
    <failure type="org.openqa.selenium.NoSuchElementException" message="An element could not be located on the page using the given search parameters. (WARNING: The server did not provide any stacktrace information)
Command duration or timeout: 426 milliseconds
For documentation on this error, please visit: http://seleniumhq.org/exceptions/no_such_element.html
Build info: version: &amp;apos;2.40.0&amp;apos;, revision: &amp;apos;fbe29a9&amp;apos;, time: &amp;apos;2014-02-19 20:55:11&amp;apos;
System info: host: &amp;apos;DST47190&amp;apos;, ip: &amp;apos;172.16.154.198&amp;apos;, os.name: &amp;apos;Windows 7&amp;apos;, os.arch: &amp;apos;x86&amp;apos;, os.version: &amp;apos;6.1&amp;apos;, java.version: &amp;apos;1.7.0_05&amp;apos;
Session ID: 428ed2bd-84f9-4bc9-8279-05287a0d1ff4
Driver info: com.mobile.test.APPTests$SwipeableWebDriver
Capabilities [{app=D:\adt-bundle-windows-x86\ctrip_531_9013.apk, platform=LINUX, javascriptEnabled=true, databaseEnabled=false, browserName=, app-package=ctrip.android.view, webStorageEnabled=false, device=Android, app-activity=ctrip.android.view.home.CtripSplashActivity, takesScreenshot=true, version=4.4}]">
      <![CDATA[org.openqa.selenium.NoSuchElementException: An element could not be located on the page using the given search parameters. (WARNING: The server did not provide any stacktrace information)
Command duration or timeout: 426 milliseconds
For documentation on this error, please visit: http://seleniumhq.org/exceptions/no_such_element.html
Build info: version: '2.40.0', revision: 'fbe29a9', time: '2014-02-19 20:55:11'
System info: host: 'DST47190', ip: '172.16.154.198', os.name: 'Windows 7', os.arch: 'x86', os.version: '6.1', java.version: '1.7.0_05'
Session ID: 428ed2bd-84f9-4bc9-8279-05287a0d1ff4
Driver info: com.mobile.test.APPTests$SwipeableWebDriver
Capabilities [{app=D:\adt-bundle-windows-x86\ctrip_531_9013.apk, platform=LINUX, javascriptEnabled=true, databaseEnabled=false, browserName=, app-package=ctrip.android.view, webStorageEnabled=false, device=Android, app-activity=ctrip.android.view.home.CtripSplashActivity, takesScreenshot=true, version=4.4}]
	at org.openqa.selenium.remote.ErrorHandler.createThrowable(ErrorHandler.java:193)
	at org.openqa.selenium.remote.ErrorHandler.throwIfResponseFailed(ErrorHandler.java:145)
	at org.openqa.selenium.remote.RemoteWebDriver.execute(RemoteWebDriver.java:573)
	at org.openqa.selenium.remote.RemoteWebDriver.findElement(RemoteWebDriver.java:326)
	at org.openqa.selenium.remote.RemoteWebDriver.findElementByName(RemoteWebDriver.java:399)
	at org.openqa.selenium.By$ByName.findElement(By.java:299)
	at org.openqa.selenium.remote.RemoteWebDriver.findElement(RemoteWebDriver.java:318)
	at com.mobile.test.APPTests.f(APPTests.java:48)
... Removed 28 stack frames]]>
    </failure>
  </testcase> <!-- f -->
</testsuite> <!-- Test -->
